<?xml version="1.0" encoding="UTF-8"?>
<!-- Generated by org.testng.reporters.JUnitReportReporter -->
<testsuite hostname="DESKTOP-47BL69I" failures="0" tests="5" name="com.testNG.RunTestNG" time="214.792" errors="0" timestamp="2022-10-05T10:44:33 COT" skipped="0">
  <testcase classname="com.testNG.RunTestNG" name="mercadolibreTestNG" time="61.736"/>
  <system-out/>
  <testcase classname="com.testNG.RunTestNG" name="mercadolibreCrearCuentaTestNG" time="29.162"/>
  <system-out/>
  <testcase classname="com.testNG.RunTestNG" name="mercurytoursTestNG" time="35.672"/>
  <system-out/>
  <testcase classname="com.testNG.RunTestNG" name="ToolsQAAlertsTestNG" time="57.312"/>
  <system-out/>
  <testcase classname="com.testNG.RunTestNG" name="ToolsQAWidgetsTestNG" time="30.910"/>
  <system-out/>
</testsuite> <!-- com.testNG.RunTestNG -->
